2019-02-22 12:40:56.221 [error] <0.1248.0> Supervisor 'Elixir.Logger.Supervisor' had child 'Elixir.Logger.ErrorHandler' started with 'Elixir.Logger.Watcher':start_link({error_logger,'Elixir.Logger.ErrorHandler',{true,false,500}}) at <0.1253.0> exit with reason normal in context child_terminated
2019-02-22 12:40:56.260 [info] <0.33.0> Application lager started on node nonode@nohost
2019-02-22 12:40:56.263 [info] <0.33.0> Application exometer started on node nonode@nohost
2019-02-22 12:40:56.268 [info] <0.33.0> Application unicode_util_compat started on node nonode@nohost
2019-02-22 12:40:56.268 [info] <0.33.0> Application idna started on node nonode@nohost
2019-02-22 12:40:56.269 [info] <0.33.0> Application mimerl started on node nonode@nohost
2019-02-22 12:40:56.271 [info] <0.33.0> Application certifi started on node nonode@nohost
2019-02-22 12:40:56.272 [info] <0.33.0> Application ssl_verify_fun started on node nonode@nohost
2019-02-22 12:40:56.273 [info] <0.33.0> Application metrics started on node nonode@nohost
2019-02-22 12:40:56.293 [info] <0.33.0> Application hackney started on node nonode@nohost
2019-02-22 12:40:56.297 [info] <0.33.0> Application earmark started on node nonode@nohost
2019-02-22 12:40:56.302 [info] <0.33.0> Application nimble_parsec started on node nonode@nohost
2019-02-22 12:40:56.306 [info] <0.33.0> Application makeup started on node nonode@nohost
2019-02-22 12:40:56.306 [info] <0.33.0> Application makeup_elixir started on node nonode@nohost
2019-02-22 12:40:56.306 [info] <0.33.0> Application ex_doc started on node nonode@nohost
2019-02-22 12:40:56.308 [info] <0.33.0> Application tesla started on node nonode@nohost
2019-02-22 12:40:56.329 [info] <0.33.0> Application runtime_tools started on node nonode@nohost
2019-02-22 12:40:56.330 [info] <0.33.0> Application artificery started on node nonode@nohost
2019-02-22 12:40:56.330 [info] <0.33.0> Application distillery started on node nonode@nohost
2019-02-22 12:40:56.330 [info] <0.33.0> Application repro started on node nonode@nohost
2019-02-22 12:41:24.555 [error] <0.219.0> Supervisor 'Elixir.Logger.Supervisor' had child 'Elixir.Logger.ErrorHandler' started with 'Elixir.Logger.Watcher':start_link({error_logger,'Elixir.Logger.ErrorHandler',{true,false,500}}) at <0.224.0> exit with reason normal in context child_terminated
2019-02-22 12:41:24.591 [info] <0.33.0> Application lager started on node nonode@nohost
2019-02-22 12:41:24.594 [info] <0.33.0> Application exometer started on node nonode@nohost
2019-02-22 12:41:24.599 [info] <0.33.0> Application unicode_util_compat started on node nonode@nohost
2019-02-22 12:41:24.599 [info] <0.33.0> Application idna started on node nonode@nohost
2019-02-22 12:41:24.602 [info] <0.33.0> Application mimerl started on node nonode@nohost
2019-02-22 12:41:24.604 [info] <0.33.0> Application certifi started on node nonode@nohost
2019-02-22 12:41:24.606 [info] <0.33.0> Application ssl_verify_fun started on node nonode@nohost
2019-02-22 12:41:24.607 [info] <0.33.0> Application metrics started on node nonode@nohost
2019-02-22 12:41:24.624 [info] <0.33.0> Application hackney started on node nonode@nohost
2019-02-22 12:41:24.628 [info] <0.33.0> Application earmark started on node nonode@nohost
2019-02-22 12:41:24.636 [info] <0.33.0> Application nimble_parsec started on node nonode@nohost
2019-02-22 12:41:24.640 [info] <0.33.0> Application makeup started on node nonode@nohost
2019-02-22 12:41:24.641 [info] <0.33.0> Application makeup_elixir started on node nonode@nohost
2019-02-22 12:41:24.641 [info] <0.33.0> Application ex_doc started on node nonode@nohost
2019-02-22 12:41:24.642 [info] <0.33.0> Application tesla started on node nonode@nohost
2019-02-22 12:41:24.663 [info] <0.33.0> Application runtime_tools started on node nonode@nohost
2019-02-22 12:41:24.664 [info] <0.33.0> Application artificery started on node nonode@nohost
2019-02-22 12:41:24.664 [info] <0.33.0> Application distillery started on node nonode@nohost
2019-02-22 12:41:24.664 [info] <0.33.0> Application repro started on node nonode@nohost
